<?xml version="1.0" encoding="UTF-8"?>
<!-- Generated by org.testng.reporters.JUnitXMLReporter -->
<testsuite ignored="0" hostname="DESKTOP-11SJ4LJ" failures="0" tests="5" name="Scenario1_SuccessfulLoginTest" time="27.425" errors="0" timestamp="2023-12-11T22:15:18 GMT">
  <testcase classname="testcases.Scenario1_SuccessfulLoginTest" name="loginWorkingCredentials" time="5.859"/>
  <testcase classname="testcases.Scenario1_SuccessfulLoginTest" name="loginWorkingCredentials" time="3.78"/>
  <testcase classname="testcases.Scenario1_SuccessfulLoginTest" name="loginWorkingCredentials" time="8.778"/>
  <testcase classname="testcases.Scenario1_SuccessfulLoginTest" name="loginWorkingCredentials" time="3.76"/>
  <testcase classname="testcases.Scenario1_SuccessfulLoginTest" name="loginWorkingCredentials" time="3.767"/>
</testsuite> <!-- Scenario1_SuccessfulLoginTest -->
