<?xml version="1.0" encoding="UTF-8"?>
<!-- Generated by org.testng.reporters.JUnitXMLReporter -->
<testsuite ignored="0" hostname="DESKTOP-11SJ4LJ" failures="0" tests="5" name="TC001_SuccessfulLoginTest" time="27.883" errors="0" timestamp="2023-12-10T01:46:39 GMT">
  <testcase classname="testcases.TC001_SuccessfulLoginTest" name="loginWorkingCredentials" time="5.679"/>
  <testcase classname="testcases.TC001_SuccessfulLoginTest" name="loginWorkingCredentials" time="4.15"/>
  <testcase classname="testcases.TC001_SuccessfulLoginTest" name="loginWorkingCredentials" time="8.934"/>
  <testcase classname="testcases.TC001_SuccessfulLoginTest" name="loginWorkingCredentials" time="3.856"/>
  <testcase classname="testcases.TC001_SuccessfulLoginTest" name="loginWorkingCredentials" time="3.688"/>
</testsuite> <!-- TC001_SuccessfulLoginTest -->
