<?xml version="1.0" encoding="UTF-8"?>
<!-- Generated by org.testng.reporters.JUnitXMLReporter -->
<testsuite ignored="0" hostname="DESKTOP-11SJ4LJ" failures="0" tests="5" name="TC001_LoginTest" time="28.314" errors="0" timestamp="2023-12-10T01:17:36 GMT">
  <testcase classname="testcases.TC001_LoginTest" name="loginWorkingCredentials" time="5.234"/>
  <testcase classname="testcases.TC001_LoginTest" name="loginWorkingCredentials" time="3.723"/>
  <testcase classname="testcases.TC001_LoginTest" name="loginWorkingCredentials" time="8.983"/>
  <testcase classname="testcases.TC001_LoginTest" name="loginWorkingCredentials" time="4.765"/>
  <testcase classname="testcases.TC001_LoginTest" name="loginWorkingCredentials" time="3.797"/>
</testsuite> <!-- TC001_LoginTest -->
